{"uuid":"726062fe-49c6-4502-a56b-332e19a31d35","historyId":"e9f6ab368b57c22461d57bf5b83c9d27","fullName":"GetAiEarnPowerScript.GetPowerAndCheckout","labels":[{"name":"package","value":"GetAiEarnPowerScript"},{"name":"testClass","value":"GetAiEarnPowerScript"},{"name":"testMethod","value":"GetPowerAndCheckout"},{"name":"parentSuite","value":"AiEarn Regression Suite"},{"name":"suite","value":"AiEarn Script 1"},{"name":"subSuite","value":"GetAiEarnPowerScript"},{"name":"host","value":"DESKTOP-GHD97DN"},{"name":"thread","value":"13720@DESKTOP-GHD97DN.TestNG-test=AiEarn Script 1-1(18)"},{"name":"framework","value":"testng"},{"name":"language","value":"java"},{"name":"feature","value":"GetPower"}],"links":[],"name":"GetPowerAndCheckout","status":"broken","statusDetails":{"known":false,"muted":false,"flaky":false,"message":"element click intercepted: Element <span class=\"chakra-avatar css-1z045l5\" data-loaded=\"\">...</span> is not clickable at point (1506, 26). Other element would receive the click: <div class=\"chakra-modal__content-container css-1ifnaov\" tabindex=\"-1\">...</div>\n  (Session info: chrome=139.0.7258.155)\nBuild info: version: '4.13.0', revision: 'ba948ece5b*'\nSystem info: os.name: 'Windows 10', os.arch: 'amd64', os.version: '10.0', java.version: '11.0.1'\nDriver info: org.openqa.selenium.chrome.ChromeDriver\nCommand: [1b2498f9c4a3e8ba4ddd0c205b34a987, clickElement {id=f.7474621582DD488C0A87B3AA5E94CFBE.d.0B8F6C50DB8DE2A40D04072B7AE33EB2.e.117}]\nCapabilities {acceptInsecureCerts: false, browserName: chrome, browserVersion: 139.0.7258.155, chrome: {chromedriverVersion: 139.0.7258.154 (9e0d6b2b47f..., userDataDir: C:\\WINDOWS\\SystemTemp\\scope...}, fedcm:accounts: true, goog:chromeOptions: {debuggerAddress: localhost:49200}, networkConnectionEnabled: false, pageLoadStrategy: normal, platformName: windows, proxy: Proxy(), se:cdp: ws://localhost:49200/devtoo..., se:cdpVersion: 139.0.7258.155, setWindowRect: true, strictFileInteractability: false, timeouts: {implicit: 0, pageLoad: 300000, script: 30000}, unhandledPromptBehavior: dismiss and notify, webauthn:extension:credBlob: true, webauthn:extension:largeBlob: true, webauthn:extension:minPinLength: true, webauthn:extension:prf: true, webauthn:virtualAuthenticators: true}\nElement: [[ChromeDriver: chrome on windows (1b2498f9c4a3e8ba4ddd0c205b34a987)] -> xpath: //button[text()='AI Earn']/following-sibling::span[contains(@class,'chakra-avatar')]]\nSession ID: 1b2498f9c4a3e8ba4ddd0c205b34a987","trace":"org.openqa.selenium.ElementClickInterceptedException: element click intercepted: Element <span class=\"chakra-avatar css-1z045l5\" data-loaded=\"\">...</span> is not clickable at point (1506, 26). Other element would receive the click: <div class=\"chakra-modal__content-container css-1ifnaov\" tabindex=\"-1\">...</div>\n  (Session info: chrome=139.0.7258.155)\nBuild info: version: '4.13.0', revision: 'ba948ece5b*'\nSystem info: os.name: 'Windows 10', os.arch: 'amd64', os.version: '10.0', java.version: '11.0.1'\nDriver info: org.openqa.selenium.chrome.ChromeDriver\nCommand: [1b2498f9c4a3e8ba4ddd0c205b34a987, clickElement {id=f.7474621582DD488C0A87B3AA5E94CFBE.d.0B8F6C50DB8DE2A40D04072B7AE33EB2.e.117}]\nCapabilities {acceptInsecureCerts: false, browserName: chrome, browserVersion: 139.0.7258.155, chrome: {chromedriverVersion: 139.0.7258.154 (9e0d6b2b47f..., userDataDir: C:\\WINDOWS\\SystemTemp\\scope...}, fedcm:accounts: true, goog:chromeOptions: {debuggerAddress: localhost:49200}, networkConnectionEnabled: false, pageLoadStrategy: normal, platformName: windows, proxy: Proxy(), se:cdp: ws://localhost:49200/devtoo..., se:cdpVersion: 139.0.7258.155, setWindowRect: true, strictFileInteractability: false, timeouts: {implicit: 0, pageLoad: 300000, script: 30000}, unhandledPromptBehavior: dismiss and notify, webauthn:extension:credBlob: true, webauthn:extension:largeBlob: true, webauthn:extension:minPinLength: true, webauthn:extension:prf: true, webauthn:virtualAuthenticators: true}\nElement: [[ChromeDriver: chrome on windows (1b2498f9c4a3e8ba4ddd0c205b34a987)] -> xpath: //button[text()='AI Earn']/following-sibling::span[contains(@class,'chakra-avatar')]]\nSession ID: 1b2498f9c4a3e8ba4ddd0c205b34a987\r\n\tat java.base/jdk.internal.reflect.NativeConstructorAccessorImpl.newInstance0(Native Method)\r\n\tat java.base/jdk.internal.reflect.NativeConstructorAccessorImpl.newInstance(NativeConstructorAccessorImpl.java:62)\r\n\tat java.base/jdk.internal.reflect.DelegatingConstructorAccessorImpl.newInstance(DelegatingConstructorAccessorImpl.java:45)\r\n\tat java.base/java.lang.reflect.Constructor.newInstance(Constructor.java:490)\r\n\tat org.openqa.selenium.remote.codec.w3c.W3CHttpResponseCodec.createException(W3CHttpResponseCodec.java:200)\r\n\tat org.openqa.selenium.remote.codec.w3c.W3CHttpResponseCodec.decode(W3CHttpResponseCodec.java:133)\r\n\tat org.openqa.selenium.remote.codec.w3c.W3CHttpResponseCodec.decode(W3CHttpResponseCodec.java:52)\r\n\tat org.openqa.selenium.remote.HttpCommandExecutor.execute(HttpCommandExecutor.java:191)\r\n\tat org.openqa.selenium.remote.service.DriverCommandExecutor.invokeExecute(DriverCommandExecutor.java:196)\r\n\tat org.openqa.selenium.remote.service.DriverCommandExecutor.execute(DriverCommandExecutor.java:171)\r\n\tat org.openqa.selenium.remote.RemoteWebDriver.execute(RemoteWebDriver.java:602)\r\n\tat org.openqa.selenium.remote.RemoteWebElement.execute(RemoteWebElement.java:224)\r\n\tat org.openqa.selenium.remote.RemoteWebElement.click(RemoteWebElement.java:77)\r\n\tat java.base/jdk.internal.reflect.NativeMethodAccessorImpl.invoke0(Native Method)\r\n\tat java.base/jdk.internal.reflect.NativeMethodAccessorImpl.invoke(NativeMethodAccessorImpl.java:62)\r\n\tat java.base/jdk.internal.reflect.DelegatingMethodAccessorImpl.invoke(DelegatingMethodAccessorImpl.java:43)\r\n\tat java.base/java.lang.reflect.Method.invoke(Method.java:566)\r\n\tat org.openqa.selenium.support.pagefactory.internal.LocatingElementHandler.invoke(LocatingElementHandler.java:51)\r\n\tat com.sun.proxy.$Proxy35.click(Unknown Source)\r\n\tat core.WebApi.clickElement(WebApi.java:188)\r\n\tat pages.common.HomePage.clickToNavigateToPowerPage(HomePage.java:65)\r\n\tat GetAiEarnPowerScript.GetPowerAndCheckout(GetAiEarnPowerScript.java:33)\r\n\tat java.base/jdk.internal.reflect.NativeMethodAccessorImpl.invoke0(Native Method)\r\n\tat java.base/jdk.internal.reflect.NativeMethodAccessorImpl.invoke(NativeMethodAccessorImpl.java:62)\r\n\tat java.base/jdk.internal.reflect.DelegatingMethodAccessorImpl.invoke(DelegatingMethodAccessorImpl.java:43)\r\n\tat java.base/java.lang.reflect.Method.invoke(Method.java:566)\r\n\tat org.testng.internal.MethodInvocationHelper.invokeMethod(MethodInvocationHelper.java:133)\r\n\tat org.testng.internal.TestInvoker.invokeMethod(TestInvoker.java:598)\r\n\tat org.testng.internal.TestInvoker.invokeTestMethod(TestInvoker.java:173)\r\n\tat org.testng.internal.MethodRunner.runInSequence(MethodRunner.java:46)\r\n\tat org.testng.internal.TestInvoker$MethodInvocationAgent.invoke(TestInvoker.java:824)\r\n\tat org.testng.internal.TestInvoker.invokeTestMethods(TestInvoker.java:146)\r\n\tat org.testng.internal.TestMethodWorker.invokeTestMethods(TestMethodWorker.java:146)\r\n\tat org.testng.internal.TestMethodWorker.run(TestMethodWorker.java:128)\r\n\tat java.base/java.util.concurrent.ThreadPoolExecutor.runWorker(ThreadPoolExecutor.java:1128)\r\n\tat java.base/java.util.concurrent.ThreadPoolExecutor$Worker.run(ThreadPoolExecutor.java:628)\r\n\tat java.base/java.lang.Thread.run(Thread.java:834)\r\n"},"stage":"finished","steps":[{"name":"closeReferDialog","status":"passed","stage":"finished","steps":[{"name":"waitForPageLoaded","status":"passed","stage":"finished","steps":[],"attachments":[],"parameters":[],"start":1757146151513,"stop":1757146151516}],"attachments":[],"parameters":[],"start":1757146151513,"stop":1757146157017},{"name":"clickToNavigateToPowerPage","status":"broken","statusDetails":{"known":false,"muted":false,"flaky":false,"message":"element click intercepted: Element <span class=\"chakra-avatar css-1z045l5\" data-loaded=\"\">...</span> is not clickable at point (1506, 26). Other element would receive the click: <div class=\"chakra-modal__content-container css-1ifnaov\" tabindex=\"-1\">...</div>\n  (Session info: chrome=139.0.7258.155)\nBuild info: version: '4.13.0', revision: 'ba948ece5b*'\nSystem info: os.name: 'Windows 10', os.arch: 'amd64', os.version: '10.0', java.version: '11.0.1'\nDriver info: org.openqa.selenium.chrome.ChromeDriver\nCommand: [1b2498f9c4a3e8ba4ddd0c205b34a987, clickElement {id=f.7474621582DD488C0A87B3AA5E94CFBE.d.0B8F6C50DB8DE2A40D04072B7AE33EB2.e.117}]\nCapabilities {acceptInsecureCerts: false, browserName: chrome, browserVersion: 139.0.7258.155, chrome: {chromedriverVersion: 139.0.7258.154 (9e0d6b2b47f..., userDataDir: C:\\WINDOWS\\SystemTemp\\scope...}, fedcm:accounts: true, goog:chromeOptions: {debuggerAddress: localhost:49200}, networkConnectionEnabled: false, pageLoadStrategy: normal, platformName: windows, proxy: Proxy(), se:cdp: ws://localhost:49200/devtoo..., se:cdpVersion: 139.0.7258.155, setWindowRect: true, strictFileInteractability: false, timeouts: {implicit: 0, pageLoad: 300000, script: 30000}, unhandledPromptBehavior: dismiss and notify, webauthn:extension:credBlob: true, webauthn:extension:largeBlob: true, webauthn:extension:minPinLength: true, webauthn:extension:prf: true, webauthn:virtualAuthenticators: true}\nElement: [[ChromeDriver: chrome on windows (1b2498f9c4a3e8ba4ddd0c205b34a987)] -> xpath: //button[text()='AI Earn']/following-sibling::span[contains(@class,'chakra-avatar')]]\nSession ID: 1b2498f9c4a3e8ba4ddd0c205b34a987","trace":"org.openqa.selenium.ElementClickInterceptedException: element click intercepted: Element <span class=\"chakra-avatar css-1z045l5\" data-loaded=\"\">...</span> is not clickable at point (1506, 26). Other element would receive the click: <div class=\"chakra-modal__content-container css-1ifnaov\" tabindex=\"-1\">...</div>\n  (Session info: chrome=139.0.7258.155)\nBuild info: version: '4.13.0', revision: 'ba948ece5b*'\nSystem info: os.name: 'Windows 10', os.arch: 'amd64', os.version: '10.0', java.version: '11.0.1'\nDriver info: org.openqa.selenium.chrome.ChromeDriver\nCommand: [1b2498f9c4a3e8ba4ddd0c205b34a987, clickElement {id=f.7474621582DD488C0A87B3AA5E94CFBE.d.0B8F6C50DB8DE2A40D04072B7AE33EB2.e.117}]\nCapabilities {acceptInsecureCerts: false, browserName: chrome, browserVersion: 139.0.7258.155, chrome: {chromedriverVersion: 139.0.7258.154 (9e0d6b2b47f..., userDataDir: C:\\WINDOWS\\SystemTemp\\scope...}, fedcm:accounts: true, goog:chromeOptions: {debuggerAddress: localhost:49200}, networkConnectionEnabled: false, pageLoadStrategy: normal, platformName: windows, proxy: Proxy(), se:cdp: ws://localhost:49200/devtoo..., se:cdpVersion: 139.0.7258.155, setWindowRect: true, strictFileInteractability: false, timeouts: {implicit: 0, pageLoad: 300000, script: 30000}, unhandledPromptBehavior: dismiss and notify, webauthn:extension:credBlob: true, webauthn:extension:largeBlob: true, webauthn:extension:minPinLength: true, webauthn:extension:prf: true, webauthn:virtualAuthenticators: true}\nElement: [[ChromeDriver: chrome on windows (1b2498f9c4a3e8ba4ddd0c205b34a987)] -> xpath: //button[text()='AI Earn']/following-sibling::span[contains(@class,'chakra-avatar')]]\nSession ID: 1b2498f9c4a3e8ba4ddd0c205b34a987\r\n\tat java.base/jdk.internal.reflect.NativeConstructorAccessorImpl.newInstance0(Native Method)\r\n\tat java.base/jdk.internal.reflect.NativeConstructorAccessorImpl.newInstance(NativeConstructorAccessorImpl.java:62)\r\n\tat java.base/jdk.internal.reflect.DelegatingConstructorAccessorImpl.newInstance(DelegatingConstructorAccessorImpl.java:45)\r\n\tat java.base/java.lang.reflect.Constructor.newInstance(Constructor.java:490)\r\n\tat org.openqa.selenium.remote.codec.w3c.W3CHttpResponseCodec.createException(W3CHttpResponseCodec.java:200)\r\n\tat org.openqa.selenium.remote.codec.w3c.W3CHttpResponseCodec.decode(W3CHttpResponseCodec.java:133)\r\n\tat org.openqa.selenium.remote.codec.w3c.W3CHttpResponseCodec.decode(W3CHttpResponseCodec.java:52)\r\n\tat org.openqa.selenium.remote.HttpCommandExecutor.execute(HttpCommandExecutor.java:191)\r\n\tat org.openqa.selenium.remote.service.DriverCommandExecutor.invokeExecute(DriverCommandExecutor.java:196)\r\n\tat org.openqa.selenium.remote.service.DriverCommandExecutor.execute(DriverCommandExecutor.java:171)\r\n\tat org.openqa.selenium.remote.RemoteWebDriver.execute(RemoteWebDriver.java:602)\r\n\tat org.openqa.selenium.remote.RemoteWebElement.execute(RemoteWebElement.java:224)\r\n\tat org.openqa.selenium.remote.RemoteWebElement.click(RemoteWebElement.java:77)\r\n\tat java.base/jdk.internal.reflect.NativeMethodAccessorImpl.invoke0(Native Method)\r\n\tat java.base/jdk.internal.reflect.NativeMethodAccessorImpl.invoke(NativeMethodAccessorImpl.java:62)\r\n\tat java.base/jdk.internal.reflect.DelegatingMethodAccessorImpl.invoke(DelegatingMethodAccessorImpl.java:43)\r\n\tat java.base/java.lang.reflect.Method.invoke(Method.java:566)\r\n\tat org.openqa.selenium.support.pagefactory.internal.LocatingElementHandler.invoke(LocatingElementHandler.java:51)\r\n\tat com.sun.proxy.$Proxy35.click(Unknown Source)\r\n\tat core.WebApi.clickElement(WebApi.java:188)\r\n\tat pages.common.HomePage.clickToNavigateToPowerPage(HomePage.java:65)\r\n\tat GetAiEarnPowerScript.GetPowerAndCheckout(GetAiEarnPowerScript.java:33)\r\n\tat java.base/jdk.internal.reflect.NativeMethodAccessorImpl.invoke0(Native Method)\r\n\tat java.base/jdk.internal.reflect.NativeMethodAccessorImpl.invoke(NativeMethodAccessorImpl.java:62)\r\n\tat java.base/jdk.internal.reflect.DelegatingMethodAccessorImpl.invoke(DelegatingMethodAccessorImpl.java:43)\r\n\tat java.base/java.lang.reflect.Method.invoke(Method.java:566)\r\n\tat org.testng.internal.MethodInvocationHelper.invokeMethod(MethodInvocationHelper.java:133)\r\n\tat org.testng.internal.TestInvoker.invokeMethod(TestInvoker.java:598)\r\n\tat org.testng.internal.TestInvoker.invokeTestMethod(TestInvoker.java:173)\r\n\tat org.testng.internal.MethodRunner.runInSequence(MethodRunner.java:46)\r\n\tat org.testng.internal.TestInvoker$MethodInvocationAgent.invoke(TestInvoker.java:824)\r\n\tat org.testng.internal.TestInvoker.invokeTestMethods(TestInvoker.java:146)\r\n\tat org.testng.internal.TestMethodWorker.invokeTestMethods(TestMethodWorker.java:146)\r\n\tat org.testng.internal.TestMethodWorker.run(TestMethodWorker.java:128)\r\n\tat java.base/java.util.concurrent.ThreadPoolExecutor.runWorker(ThreadPoolExecutor.java:1128)\r\n\tat java.base/java.util.concurrent.ThreadPoolExecutor$Worker.run(ThreadPoolExecutor.java:628)\r\n\tat java.base/java.lang.Thread.run(Thread.java:834)\r\n"},"stage":"finished","steps":[],"attachments":[],"parameters":[],"start":1757146157018,"stop":1757146158506}],"attachments":[{"name":"Page source","source":"afece59d-c273-4a86-8488-941f0f672d77-attachment.txt","type":"text/plain"},{"name":"Failed test image","source":"337f5c3b-e48f-40c1-b247-fc73e1e374c6-attachment"}],"parameters":[{"name":"env","value":"aiearn"},{"name":"browser","value":"hchrome"}],"start":1757146151490,"stop":1757146160071}